[debug] [2022-12-07T08:39:44.460Z] ----------------------------------------------------------------------
[debug] [2022-12-07T08:39:44.463Z] Command:       C:\Program Files\nodejs\node.exe C:\Users\ok\AppData\Roaming\npm\node_modules\firebase-tools\lib\bin\firebase.js init
[debug] [2022-12-07T08:39:44.464Z] CLI Version:   11.0.1
[debug] [2022-12-07T08:39:44.464Z] Platform:      win32
[debug] [2022-12-07T08:39:44.464Z] Node Version:  v16.16.0
[debug] [2022-12-07T08:39:44.465Z] Time:          Wed Dec 07 2022 14:39:44 GMT+0600 (Bangladesh Standard Time)
[debug] [2022-12-07T08:39:44.465Z] ----------------------------------------------------------------------
[debug] 
[debug] [2022-12-07T08:39:44.536Z] > command requires scopes: ["email","openid","https://www.googleapis.com/auth/cloudplatformprojects.readonly","https://www.googleapis.com/auth/firebase","https://www.googleapis.com/auth/cloud-platform"]
[debug] [2022-12-07T08:39:44.537Z] > authorizing via signed-in user (mdhanif115825@gmail.com)
[info] 
     ######## #### ########  ######## ########     ###     ######  ########
     ##        ##  ##     ## ##       ##     ##  ##   ##  ##       ##
     ######    ##  ########  ######   ########  #########  ######  ######
     ##        ##  ##    ##  ##       ##     ## ##     ##       ## ##
     ##       #### ##     ## ######## ########  ##     ##  ######  ########

You're about to initialize a Firebase project in this directory:

  C:\Programming Hero All\Resumi Website\My-portfolio-website\portfolio-client

Before we get started, keep in mind:

  * You are currently outside your home directory
  * You are initializing within an existing Firebase project directory

[info] 
=== Project Setup
[info] 
[info] First, let's associate this project directory with a Firebase project.
[info] You can create multiple project aliases by running firebase use --add, 
[info] but for now we'll just set up a default project.
[info] 
[debug] [2022-12-07T08:40:04.693Z] Using project from CLI flag: my-portfolio-c9993
[debug] [2022-12-07T08:40:04.695Z] >>> [apiv2][query] GET https://firebase.googleapis.com/v1beta1/projects/my-portfolio-c9993 [none]
[debug] [2022-12-07T08:40:05.382Z] <<< [apiv2][status] GET https://firebase.googleapis.com/v1beta1/projects/my-portfolio-c9993 200
[debug] [2022-12-07T08:40:05.383Z] <<< [apiv2][body] GET https://firebase.googleapis.com/v1beta1/projects/my-portfolio-c9993 {"projectId":"my-portfolio-c9993","projectNumber":"420388154731","displayName":"My-portfolio","name":"projects/my-portfolio-c9993","resources":{"hostingSite":"my-portfolio-c9993"},"state":"ACTIVE","etag":"1_5b229418-d76c-47e2-abe4-97346ef83ed9"}
[info] i  Using project my-portfolio-c9993 (My-portfolio) 
[info] 
=== Hosting Setup
[info] 
[info] Your public directory is the folder (relative to your project directory) that
[info] will contain Hosting assets to be uploaded with firebase deploy. If you
[info] have a build process for your assets, use your build's output directory.
[info] 
[info] +  Wrote build/404.html 
[debug] [2022-12-07T08:42:56.165Z] >>> [apiv2][query] GET https://www.gstatic.com/firebasejs/releases.json [none]
[debug] [2022-12-07T08:42:56.570Z] <<< [apiv2][status] GET https://www.gstatic.com/firebasejs/releases.json 200
[debug] [2022-12-07T08:42:56.571Z] <<< [apiv2][body] GET https://www.gstatic.com/firebasejs/releases.json {"current":{"version":"9.14.0","browserURL":"https://www.gstatic.com/firebasejs/9.14.0/firebase.js","packageURL":"https://www.gstatic.com/firebasejs/9.14.0/firebase.tgz"},"live":{"version":"9.14","browserURL":"https://www.gstatic.com/firebasejs/live/9.14/firebase.js","packageURL":"https://www.gstatic.com/firebasejs/live/9.14/firebase.tgz"},"components":{"analytics":"https://www.gstatic.com/firebasejs/9.14.0/firebase-analytics.js","app":"https://www.gstatic.com/firebasejs/9.14.0/firebase-app.js","app-check":"https://www.gstatic.com/firebasejs/9.14.0/firebase-app-check.js","auth":"https://www.gstatic.com/firebasejs/9.14.0/firebase-auth.js","auth/cordova":"https://www.gstatic.com/firebasejs/9.14.0/firebase-auth/cordova.js","auth/react-native":"https://www.gstatic.com/firebasejs/9.14.0/firebase-auth/react-native.js","functions":"https://www.gstatic.com/firebasejs/9.14.0/firebase-functions.js","firestore":"https://www.gstatic.com/firebasejs/9.14.0/firebase-firestore.js","firestore/lite":"https://www.gstatic.com/firebasejs/9.14.0/firebase-firestore/lite.js","installations":"https://www.gstatic.com/firebasejs/9.14.0/firebase-installations.js","storage":"https://www.gstatic.com/firebasejs/9.14.0/firebase-storage.js","performance":"https://www.gstatic.com/firebasejs/9.14.0/firebase-performance.js","remote-config":"https://www.gstatic.com/firebasejs/9.14.0/firebase-remote-config.js","messaging":"https://www.gstatic.com/firebasejs/9.14.0/firebase-messaging.js","messaging/sw":"https://www.gstatic.com/firebasejs/9.14.0/firebase-messaging/sw.js","database":"https://www.gstatic.com/firebasejs/9.14.0/firebase-database.js","firestore.memory":"https://www.gstatic.com/firebasejs/9.14.0/firebase-firestore.memory.js"}}
[info] +  Wrote build/index.html 
[info] 
[info] i  Detected a .git folder at C:\Programming Hero All\Resumi Website\My-portfolio-website\portfolio-client 
[info] i  Authorizing with GitHub to upload your service account to a GitHub repository's secrets store. 
[info] 
[info] Visit this URL on this device to log in:
[info] https://github.com/login/oauth/authorize?client_id=89cf50f02ac6aaed3484&state=978384166&redirect_uri=http%3A%2F%2Flocalhost%3A9005&scope=read%3Auser%20repo%20public_repo
[info] 
[info] Waiting for authentication...
[debug] [2022-12-07T08:43:10.161Z] >>> HTTP REQUEST POST https://github.com/login/oauth/access_token  
 {"client_id":"89cf50f02ac6aaed3484","client_secret":"3330d14abc895d9a74d5f17cd7a00711fa2c5bf0","code":"5e033f5051af2c422514","redirect_uri":"http://localhost:9005","state":"978384166"}
[debug] [2022-12-07T08:43:10.903Z] <<< HTTP RESPONSE 200 {"server":"GitHub.com","date":"Wed, 07 Dec 2022 08:35:41 GMT","content-type":"application/json; charset=utf-8","transfer-encoding":"chunked","vary":"X-PJAX, X-PJAX-Container, Turbo-Visit, Turbo-Frame, Accept-Encoding, Accept, X-Requested-With","etag":"W/\"42fc6dbe93d6a53fae5042ebff836bcb\"","cache-control":"max-age=0, private, must-revalidate","strict-transport-security":"max-age=31536000; includeSubdomains; preload","x-frame-options":"deny","x-content-type-options":"nosniff","x-xss-protection":"0","referrer-policy":"origin-when-cross-origin, strict-origin-when-cross-origin","content-security-policy":"default-src 'none'; base-uri 'self'; block-all-mixed-content; child-src github.com/assets-cdn/worker/ gist.github.com/assets-cdn/worker/; connect-src 'self' uploads.github.com objects-origin.githubusercontent.com www.githubstatus.com collector.github.com raw.githubusercontent.com api.github.com github-cloud.s3.amazonaws.com github-production-repository-file-5c1aeb.s3.amazonaws.com github-production-upload-manifest-file-7fdce7.s3.amazonaws.com github-production-user-asset-6210df.s3.amazonaws.com cdn.optimizely.com logx.optimizely.com/v1/events *.actions.githubusercontent.com wss://*.actions.githubusercontent.com online.visualstudio.com/api/v1/locations github-production-repository-image-32fea6.s3.amazonaws.com github-production-release-asset-2e65be.s3.amazonaws.com insights.github.com wss://alive.github.com; font-src github.githubassets.com; form-action 'self' github.com gist.github.com objects-origin.githubusercontent.com; frame-ancestors 'none'; frame-src viewscreen.githubusercontent.com notebooks.githubusercontent.com; img-src 'self' data: github.githubassets.com media.githubusercontent.com camo.githubusercontent.com identicons.github.com avatars.githubusercontent.com github-cloud.s3.amazonaws.com objects.githubusercontent.com objects-origin.githubusercontent.com secured-user-images.githubusercontent.com/ opengraph.githubassets.com github-production-user-asset-6210df.s3.amazonaws.com customer-stories-feed.github.com spotlights-feed.github.com *.githubusercontent.com; manifest-src 'self'; media-src github.com user-images.githubusercontent.com/ secured-user-images.githubusercontent.com/; script-src github.githubassets.com; style-src 'unsafe-inline' github.githubassets.com; worker-src github.com/assets-cdn/worker/ gist.github.com/assets-cdn/worker/","x-github-request-id":"C1F5:45D1:3FA550:47BBD6:6390505D"}
[debug] [2022-12-07T08:43:10.939Z] >>> [apiv2][query] GET https://api.github.com/user [none]
[debug] [2022-12-07T08:43:11.593Z] <<< [apiv2][status] GET https://api.github.com/user 200
[debug] [2022-12-07T08:43:11.593Z] <<< [apiv2][body] GET https://api.github.com/user {"login":"mdhanif20","id":86624732,"node_id":"MDQ6VXNlcjg2NjI0NzMy","avatar_url":"https://avatars.githubusercontent.com/u/86624732?v=4","gravatar_id":"","url":"https://api.github.com/users/mdhanif20","html_url":"https://github.com/mdhanif20","followers_url":"https://api.github.com/users/mdhanif20/followers","following_url":"https://api.github.com/users/mdhanif20/following{/other_user}","gists_url":"https://api.github.com/users/mdhanif20/gists{/gist_id}","starred_url":"https://api.github.com/users/mdhanif20/starred{/owner}{/repo}","subscriptions_url":"https://api.github.com/users/mdhanif20/subscriptions","organizations_url":"https://api.github.com/users/mdhanif20/orgs","repos_url":"https://api.github.com/users/mdhanif20/repos","events_url":"https://api.github.com/users/mdhanif20/events{/privacy}","received_events_url":"https://api.github.com/users/mdhanif20/received_events","type":"User","site_admin":false,"name":"Mohammad Hanif","company":null,"blog":"https://affectionate-agnesi-7b6aa1.netlify.app/","location":"Dhaka,Bangladesh","email":null,"hireable":null,"bio":"Hi,\r\nI am Mohammad Hanif. I am from Dhaka. I am studying at Bangabandhu Sheikh Mujibur Rahman Science And Technology University department of Food And Agro-pr","twitter_username":null,"public_repos":50,"public_gists":0,"followers":0,"following":0,"created_at":"2021-06-28T18:29:38Z","updated_at":"2022-12-07T08:35:36Z","private_gists":0,"total_private_repos":3,"owned_private_repos":3,"disk_usage":159646,"collaborators":0,"two_factor_authentication":false,"plan":{"name":"free","space":976562499,"collaborators":0,"private_repos":10000}}
[info] 
[info] +  Success! Logged into GitHub as mdhanif20 
[info] 
